d:\test\cvtraw\cvtraw\cvtraw\x64\debug\vc120.pdb
d:\test\cvtraw\cvtraw\cvtraw\x64\debug\main.obj
d:\test\cvtraw\cvtraw\cvtraw\x64\debug\imagewidget.obj
d:\test\cvtraw\cvtraw\cvtraw\x64\debug\moc_cvtraw.obj
d:\test\cvtraw\cvtraw\cvtraw\x64\debug\cvtraw.obj
d:\test\cvtraw\cvtraw\cvtraw\x64\debug\convert.obj
d:\test\cvtraw\cvtraw\cvtraw\x64\debug\bayertorgb.obj
d:\test\cvtraw\cvtraw\cvtraw\x64\debug\qrc_cvtraw.obj
d:\test\cvtraw\cvtraw\cvtraw\generatedfiles\qrc_cvtraw.cpp
d:\test\cvtraw\cvtraw\cvtraw\generatedfiles\ui_cvtraw.h
d:\test\cvtraw\cvtraw\cvtraw\generatedfiles\debug\moc_cvtraw.cpp
d:\test\cvtraw\cvtraw\x64\debug\cvtraw.ilk
d:\test\cvtraw\cvtraw\x64\debug\cvtraw.exe
d:\test\cvtraw\cvtraw\x64\debug\cvtraw.pdb
d:\test\cvtraw\cvtraw\cvtraw\x64\debug\cvtraw.tlog\cl.command.1.tlog
d:\test\cvtraw\cvtraw\cvtraw\x64\debug\cvtraw.tlog\cl.read.1.tlog
d:\test\cvtraw\cvtraw\cvtraw\x64\debug\cvtraw.tlog\cl.write.1.tlog
d:\test\cvtraw\cvtraw\cvtraw\x64\debug\cvtraw.tlog\custombuild.command.1.tlog
d:\test\cvtraw\cvtraw\cvtraw\x64\debug\cvtraw.tlog\custombuild.read.1.tlog
d:\test\cvtraw\cvtraw\cvtraw\x64\debug\cvtraw.tlog\custombuild.write.1.tlog
d:\test\cvtraw\cvtraw\cvtraw\x64\debug\cvtraw.tlog\link.command.1.tlog
d:\test\cvtraw\cvtraw\cvtraw\x64\debug\cvtraw.tlog\link.read.1.tlog
d:\test\cvtraw\cvtraw\cvtraw\x64\debug\cvtraw.tlog\link.write.1.tlog
