d:\test\cvtraw\cvtraw\cvtraw\x64\release\vc120.pdb
d:\test\cvtraw\cvtraw\cvtraw\x64\release\main.obj
d:\test\cvtraw\cvtraw\cvtraw\x64\release\imagewidget.obj
d:\test\cvtraw\cvtraw\cvtraw\x64\release\moc_cvtraw.obj
d:\test\cvtraw\cvtraw\cvtraw\x64\release\cvtraw.obj
d:\test\cvtraw\cvtraw\cvtraw\x64\release\convert.obj
d:\test\cvtraw\cvtraw\cvtraw\x64\release\bayertorgb.obj
d:\test\cvtraw\cvtraw\cvtraw\x64\release\qrc_cvtraw.obj
d:\test\cvtraw\cvtraw\cvtraw\generatedfiles\ui_cvtraw.h
d:\test\cvtraw\cvtraw\cvtraw\generatedfiles\qrc_cvtraw.cpp
d:\test\cvtraw\cvtraw\cvtraw\generatedfiles\release\moc_cvtraw.cpp
d:\test\cvtraw\cvtraw\x64\release\cvtraw.exe
d:\test\cvtraw\cvtraw\cvtraw\x64\release\cvtraw.tlog\cl.command.1.tlog
d:\test\cvtraw\cvtraw\cvtraw\x64\release\cvtraw.tlog\cl.read.1.tlog
d:\test\cvtraw\cvtraw\cvtraw\x64\release\cvtraw.tlog\cl.write.1.tlog
d:\test\cvtraw\cvtraw\cvtraw\x64\release\cvtraw.tlog\custombuild.command.1.tlog
d:\test\cvtraw\cvtraw\cvtraw\x64\release\cvtraw.tlog\custombuild.read.1.tlog
d:\test\cvtraw\cvtraw\cvtraw\x64\release\cvtraw.tlog\custombuild.write.1.tlog
d:\test\cvtraw\cvtraw\cvtraw\x64\release\cvtraw.tlog\link.command.1.tlog
d:\test\cvtraw\cvtraw\cvtraw\x64\release\cvtraw.tlog\link.read.1.tlog
d:\test\cvtraw\cvtraw\cvtraw\x64\release\cvtraw.tlog\link.write.1.tlog
